  CColliderAABB.cpp
c:\users\mick\documents\programming projects\gamedev framework\patframework\patframework\source\game\collision\ccollideraabb.cpp(4): warning C4356: 'CColliderBase_inherit<CColliderAABB>::_derived_id': static data member cannot be initialized via derived class
c:\users\mick\documents\programming projects\gamedev framework\patframework\patframework\source\game\collision\ccollideraabb.cpp(96): warning C4018: '<': signed/unsigned mismatch
c:\users\mick\documents\programming projects\gamedev framework\patframework\patframework\source\game\collision\ccollideraabb.cpp(100): warning C4244: 'argument': conversion from 'unsigned int' to 'float', possible loss of data
c:\users\mick\documents\programming projects\gamedev framework\patframework\patframework\source\game\collision\ccollideraabb.cpp(109): warning C4018: '<': signed/unsigned mismatch
c:\users\mick\documents\programming projects\gamedev framework\patframework\patframework\source\game\collision\ccollideraabb.cpp(122): warning C4018: '<': signed/unsigned mismatch
c:\users\mick\documents\programming projects\gamedev framework\patframework\patframework\source\game\collision\ccollideraabb.cpp(138): warning C4018: '<': signed/unsigned mismatch
c:\users\mick\documents\programming projects\gamedev framework\patframework\patframework\source\game\collision\ccollideraabb.cpp(143): warning C4244: 'argument': conversion from 'unsigned int' to 'float', possible loss of data
  Generating Code...
  Skipping... (no relevant changes detected)
  CComponentFactory.cpp
  CCollisionEngine.cpp
  CColliderSphere.cpp
  CColliderBase.cpp
  CGameScene.cpp
  CGameObject.cpp
  CGameLight.cpp
  CGameCamera.cpp
  CGame.cpp
  CComponent.cpp
  MathTransform.cpp
  CVector3.cpp
  CImporter.cpp
  CApp.cpp
  PaTFramework.vcxproj -> C:\Users\Mick\Documents\Programming Projects\GameDev Framework\PaTFramework\Debug\PaTFramework.lib
